<?xml version="1.0" encoding="utf-8"?><testsuites name="pytest tests"><testsuite name="pytest" errors="0" failures="0" skipped="0" tests="82" time="1.005" timestamp="2026-08-14T01:14:32.591991+08:00" hostname="autodl-container-695445a0ad-641a2d0f"><testcase classname="code.tests.test_algebraic" name="test_algebraic_dependency_checklist_passes" time="0.000" /><testcase classname="code.tests.test_algebraic" name="test_algebraic_dependency_stops_at_indeterminacy" time="0.000" /><testcase classname="code.tests.test_algebraic" name="test_algebraic_dependency_stops_at_pole" time="0.000" /><testcase classname="code.tests.test_algebraic" name="test_algebraic_dependency_stops_for_multivalued_potential" time="0.000" /><testcase classname="code.tests.test_algebraic" name="test_hl_nontrivial_algebraic_target_excluded" time="0.000" /><testcase classname="code.tests.test_algebraic" name="test_hl_beta_one_zero_action_is_retained" time="0.000" /><testcase classname="code.tests.test_algebraic" name="test_hl_beta_one_nonzero_algebraic_action_excluded" time="0.000" /><testcase classname="code.tests.test_algebraic" name="test_hl_beta_zero_has_no_complex_log" time="0.000" /><testcase classname="code.tests.test_algebraic" name="test_hl_rejects_unknown_target_class" time="0.000" /><testcase classname="code.tests.test_algebraic" name="test_proof_dependency_audit_passes_repaired_proof" time="0.005" /><testcase classname="code.tests.test_algebraic" name="test_proof_contract_tolerates_equivalent_tex_whitespace" time="0.007" /><testcase classname="code.tests.test_algebraic" name="test_proof_contract_detects_endpoint_sign_regression" time="0.004" /><testcase classname="code.tests.test_algebraic" name="test_proof_contract_detects_missing_dependency_id" time="0.004" /><testcase classname="code.tests.test_algebraic" name="test_proof_contract_detects_deleted_hl_semantic_dependency" time="0.004" /><testcase classname="code.tests.test_algebraic" name="test_proof_contract_detects_untracked_gauge_equation_term" time="0.004" /><testcase classname="code.tests.test_algebraic" name="test_proof_contract_detects_duplicate_contract_id" time="0.004" /><testcase classname="code.tests.test_algebraic" name="test_proof_contract_detects_duplicate_equation_tag" time="0.004" /><testcase classname="code.tests.test_algebraic" name="test_proof_contract_detects_non_whitespace_control_character" time="0.004" /><testcase classname="code.tests.test_cli" name="test_cli_accepts_explicit_project_root" time="0.001" /><testcase classname="code.tests.test_cli" name="test_runtime_environment_uses_actual_utc_clock" time="0.006" /><testcase classname="code.tests.test_controls" name="test_controls_first_suite_passes" time="0.208" /><testcase classname="code.tests.test_controls" name="test_identity_log_target_control_is_symbolic_only" time="0.000" /><testcase classname="code.tests.test_controls" name="test_target_injection_control_is_forbidden_label" time="0.000" /><testcase classname="code.tests.test_controls" name="test_endpoint_mismatch_control_retains_seven" time="0.011" /><testcase classname="code.tests.test_controls" name="test_log_abs_control_is_nonclaim" time="0.012" /><testcase classname="code.tests.test_controls" name="test_multivalued_gauge_control_stops_absolute_action" time="0.012" /><testcase classname="code.tests.test_controls" name="test_candidate_counters_remain_zero_in_controls" time="0.011" /><testcase classname="code.tests.test_gauge" name="test_compatible_endpoint_removes_endpoint_term" time="0.001" /><testcase classname="code.tests.test_gauge" name="test_incompatible_endpoint_is_retained" time="0.001" /><testcase classname="code.tests.test_gauge" name="test_uniform_constant_gives_n_times_c" time="0.001" /><testcase classname="code.tests.test_gauge" name="test_symbolic_general_telescope[1]" time="0.002" /><testcase classname="code.tests.test_gauge" name="test_symbolic_general_telescope[2]" time="0.009" /><testcase classname="code.tests.test_gauge" name="test_symbolic_general_telescope[7]" time="0.013" /><testcase classname="code.tests.test_gauge" name="test_symbolic_general_telescope[13]" time="0.030" /><testcase classname="code.tests.test_gauge" name="test_symbolic_telescope_rejects_nonpositive_period" time="0.000" /><testcase classname="code.tests.test_gauge" name="test_gauge_rejects_mismatched_lengths" time="0.000" /><testcase classname="code.tests.test_gauge" name="test_gauge_rejects_float_input" time="0.000" /><testcase classname="code.tests.test_gauge" name="test_uncertified_gauge_data_fail_closed" time="0.001" /><testcase classname="code.tests.test_henon" name="test_henon_static_identities_all_zero" time="0.022" /><testcase classname="code.tests.test_henon" name="test_henon_static_audit_does_not_substitute_candidate" time="0.003" /><testcase classname="code.tests.test_henon" name="test_henon_jacobian_is_one" time="0.003" /><testcase classname="code.tests.test_henon" name="test_low_period_neighbors_retain_multiplicity" time="0.008" /><testcase classname="code.tests.test_henon" name="test_projective_infinity_audit_passes_declared_periods" time="0.020" /><testcase classname="code.tests.test_henon" name="test_projective_infinity_is_proof_audit_not_enumeration" time="0.008" /><testcase classname="code.tests.test_henon" name="test_projective_infinity_rejects_nonpositive_period" time="0.000" /><testcase classname="code.tests.test_henon" name="test_s_integral_ledger_uses_orbit_field_extension" time="0.003" /><testcase classname="code.tests.test_henon" name="test_denominator_three_is_sharp_in_control" time="0.001" /><testcase classname="code.tests.test_manifest" name="test_manifest_selection_includes_markdown_review_and_reports" time="0.012" /><testcase classname="code.tests.test_manifest" name="test_required_artifact_semantics_pass_complete_fixture" time="0.015" /><testcase classname="code.tests.test_manifest" name="test_required_artifact_semantics_reject_failed_final_review" time="0.017" /><testcase classname="code.tests.test_manifest" name="test_required_artifact_semantics_reject_missing_report" time="0.008" /><testcase classname="code.tests.test_manifest" name="test_required_artifact_semantics_reject_candidate_execution" time="0.016" /><testcase classname="code.tests.test_manifest" name="test_manifest_rejects_unexpected_result_json" time="0.010" /><testcase classname="code.tests.test_manifest" name="test_manifest_rejects_nested_duplicate_required_basename" time="0.006" /><testcase classname="code.tests.test_manifest" name="test_manifest_rejects_result_symlink_resolving_outside_root" time="0.006" /><testcase classname="code.tests.test_manifest" name="test_manifest_rejects_required_result_symlink" time="0.006" /><testcase classname="code.tests.test_manifest" name="test_existing_final_manifest_is_optional_output_not_input" time="0.016" /><testcase classname="code.tests.test_protocol" name="test_source_lock_v3_validation_passes" time="0.001" /><testcase classname="code.tests.test_protocol" name="test_source_lock_has_zero_candidate_execution" time="0.000" /><testcase classname="code.tests.test_protocol" name="test_source_lock_closes_all_independent_repairs" time="0.000" /><testcase classname="code.tests.test_protocol" name="test_modified_source_lock_fails_hash" time="0.001" /><testcase classname="code.tests.test_protocol" name="test_executable_isolation_scan_passes_current_code" time="0.038" /><testcase classname="code.tests.test_protocol" name="test_executable_isolation_rejects_network_import" time="0.001" /><testcase classname="code.tests.test_protocol" name="test_executable_isolation_rejects_network_import_inside_protocol_filename" time="0.001" /><testcase classname="code.tests.test_protocol" name="test_executable_isolation_rejects_float_literal" time="0.001" /><testcase classname="code.tests.test_scope" name="test_evaluation_scope_accepts_fully_defined_steps" time="0.000" /><testcase classname="code.tests.test_scope" name="test_each_stepwise_dependency_fails_closed[map_defined_at_input]" time="0.000" /><testcase classname="code.tests.test_scope" name="test_each_stepwise_dependency_fails_closed[potential_defined_at_input]" time="0.000" /><testcase classname="code.tests.test_scope" name="test_each_stepwise_dependency_fails_closed[current_gauge_defined_at_input]" time="0.000" /><testcase classname="code.tests.test_scope" name="test_each_stepwise_dependency_fails_closed[next_gauge_defined_at_output]" time="0.000" /><testcase classname="code.tests.test_scope" name="test_each_stepwise_dependency_fails_closed[transition_defined]" time="0.000" /><testcase classname="code.tests.test_scope" name="test_theta_gate_applies_only_when_theta_is_evaluated" time="0.000" /><testcase classname="code.tests.test_scope" name="test_missing_step_key_is_rejected" time="0.000" /><testcase classname="code.tests.test_scope" name="test_admitted_algebraic_observables[ACTION]" time="0.000" /><testcase classname="code.tests.test_scope" name="test_admitted_algebraic_observables[REAL_PART_ACTION]" time="0.000" /><testcase classname="code.tests.test_scope" name="test_admitted_algebraic_observables[IMAGINARY_PART_ACTION]" time="0.000" /><testcase classname="code.tests.test_scope" name="test_admitted_algebraic_observables[ABS_ACTION]" time="0.000" /><testcase classname="code.tests.test_scope" name="test_nonclaim_observables_are_classified_without_execution[LOG_ABS_ACTION]" time="0.000" /><testcase classname="code.tests.test_scope" name="test_nonclaim_observables_are_classified_without_execution[ARG_ACTION]" time="0.000" /><testcase classname="code.tests.test_scope" name="test_nonclaim_observables_are_classified_without_execution[MULTIPLIER_LOG]" time="0.000" /><testcase classname="code.tests.test_scope" name="test_nonclaim_observables_are_classified_without_execution[RETURN_TIME]" time="0.000" /><testcase classname="code.tests.test_scope" name="test_unknown_observable_fails_closed" time="0.001" /></testsuite></testsuites>