<?xml version="1.0" encoding="utf-8"?><testsuites name="pytest tests"><testsuite name="pytest" errors="0" failures="0" skipped="0" tests="27" time="11.576" timestamp="2026-08-14T17:46:55.862770+08:00" hostname="autodl-container-695445a0ad-641a2d0f"><testcase classname="code.tests.test_algebra" name="test_dual_engines_and_locked_factorizations_match_all_twelve_periods" time="0.001" /><testcase classname="code.tests.test_algebra" name="test_period_and_factor_scope_are_closed" time="0.000" /><testcase classname="code.tests.test_algebra" name="test_hyperbolic_sl2_scope_accepts_both_trace_signs_only" time="0.000" /><testcase classname="code.tests.test_clock_proof" name="test_order_range_invariance_and_discontinuity_witnesses_are_exact" time="0.001" /><testcase classname="code.tests.test_clock_proof" name="test_point_sum_and_monodromy_dependencies_remain_separate" time="0.000" /><testcase classname="code.tests.test_clock_proof" name="test_negative_trace_three_branch_contract_and_forbidden_shortcut" time="0.036" /><testcase classname="code.tests.test_controls" name="test_safe_controls_pass_without_registered_candidate" time="0.002" /><testcase classname="code.tests.test_controls" name="test_corrupted_period_factorization_and_jordan_inputs_fail" time="0.001" /><testcase classname="code.tests.test_finite_field" name="test_boundary_profiles_and_jordan_repair_are_exact" time="0.001" /><testcase classname="code.tests.test_finite_field" name="test_primitive_kernel_exact_period_control" time="0.000" /><testcase classname="code.tests.test_finite_field" name="test_finite_field_scope_is_locked_to_support_and_period_cutoff" time="0.000" /><testcase classname="code.tests.test_manifest" name="test_manifest_rejects_nested_forgery" time="0.001" /><testcase classname="code.tests.test_manifest" name="test_junit_parser_requires_all_passing_security_tests" time="0.006" /><testcase classname="code.tests.test_manifest" name="test_dual_tree_junit_roles_allow_hash_change_but_not_malformed_evidence" time="0.002" /><testcase classname="code.tests.test_manifest" name="test_execution_chain_rejects_malformed_preflight_and_claim" time="0.007" /><testcase classname="code.tests.test_manifest" name="test_postrun_official_preflight_is_immutable" time="0.001" /><testcase classname="code.tests.test_manifest" name="test_postrun_manifest_write_is_one_shot_and_finally_closed" time="1.171" /><testcase classname="code.tests.test_manifest" name="test_existing_postrun_manifest_rejects_changed_missing_extra_symlink_and_json_tampering" time="7.691" /><testcase classname="code.tests.test_protocol" name="test_source_lock_local_and_upstream_bindings_are_live" time="0.005" /><testcase classname="code.tests.test_protocol" name="test_strict_json_rejects_duplicate_nonfinite_and_finite_float" time="0.001" /><testcase classname="code.tests.test_protocol" name="test_reviewed_tree_digest_is_stable_and_complete" time="0.020" /><testcase classname="code.tests.test_review_lifecycle" name="test_review_authority_is_exact_canonical_and_stale_closed" time="0.000" /><testcase classname="code.tests.test_review_lifecycle" name="test_registered_claim_is_one_shot" time="0.005" /><testcase classname="code.tests.test_review_lifecycle" name="test_fixed_cli_has_no_scientific_overrides" time="0.002" /><testcase classname="code.tests.test_review_lifecycle" name="test_postrun_analyzer_authority_is_stale_closed" time="0.001" /><testcase classname="code.tests.test_security_regressions" name="test_scanner_blocks_alias_named_container_and_path_laundering" time="1.608" /><testcase classname="code.tests.test_security_regressions" name="test_scanner_rejects_symlink_hardlink_and_extra_file" time="0.441" /></testsuite></testsuites>