<?xml version="1.0" encoding="utf-8"?><testsuites name="pytest tests"><testsuite name="pytest" errors="0" failures="0" skipped="0" tests="10" time="12.987" timestamp="2026-08-15T07:15:14.737215+08:00" hostname="autodl-container-695445a0ad-641a2d0f"><testcase classname="tests.test_analyzer_contract" name="test_analyzer_import_is_science_free_and_execution_tree_is_immutable" time="0.062" /><testcase classname="tests.test_analyzer_contract" name="test_exact_legacy_k005_failure_is_reproduced_without_artifact_mutation" time="0.189" /><testcase classname="tests.test_analyzer_contract" name="test_corrected_k005_requires_singleton_json_lists_and_detects_tampering" time="0.447" /><testcase classname="tests.test_analyzer_contract" name="test_strict_json_rejects_duplicate_float_constant_and_trailing_data" time="0.000" /><testcase classname="tests.test_analyzer_contract" name="test_analyzer_review_authority_is_canonical_duplicate_and_stale_closed" time="0.000" /><testcase classname="tests.test_analyzer_contract" name="test_analyzer_tree_inventory_rejects_extra_and_symlink" time="0.010" /><testcase classname="tests.test_analyzer_contract" name="test_immutable_chain_and_result_authorities_are_exact" time="0.088" /><testcase classname="tests.test_manifest_closure" name="test_prewrite_inventory_rejects_missing_extra_and_symlink" time="0.063" /><testcase classname="tests.test_manifest_closure" name="test_manifest_prewrite_one_shot_final_closure_and_second_write_reject" time="1.433" /><testcase classname="tests.test_manifest_closure" name="test_manifest_rejects_changed_missing_extra_symlink_and_json_tampering" time="10.635" /></testsuite></testsuites>