<?xml version="1.0" encoding="utf-8"?><testsuites name="pytest tests"><testsuite name="pytest" errors="0" failures="0" skipped="0" tests="89" time="1.465" timestamp="2026-08-13T19:47:57.388826+08:00" hostname="autodl-container-695445a0ad-641a2d0f"><testcase classname="code.tests.test_algebra" name="test_frozen_matrices_are_exact_and_immutable" time="0.001" /><testcase classname="code.tests.test_algebra" name="test_exact_root_isolation_certificate" time="0.006" /><testcase classname="code.tests.test_algebra" name="test_postcritical_orbit_is_exact_mod_parameter_polynomial" time="0.018" /><testcase classname="code.tests.test_algebra" name="test_markov_endpoint_images_and_parent_orientations" time="0.007" /><testcase classname="code.tests.test_algebra" name="test_pf_vectors_rectangle_areas_and_strip_tiling" time="0.001" /><testcase classname="code.tests.test_algebra" name="test_every_allowed_branch_is_exactly_symplectic" time="0.002" /><testcase classname="code.tests.test_algebra" name="test_complete_algebra_audit_passes" time="0.014" /><testcase classname="code.tests.test_analysis" name="test_analysis_accepts_only_full_frozen_schema" time="0.052" /><testcase classname="code.tests.test_analysis" name="test_analysis_rejects_reduced_parent_audit" time="0.048" /><testcase classname="code.tests.test_analysis" name="test_analysis_rejects_reduced_float_stress" time="0.052" /><testcase classname="code.tests.test_analysis" name="test_analysis_rejects_missing_external_data_declaration" time="0.054" /><testcase classname="code.tests.test_audit" name="test_every_source_locked_seed_is_mechanically_rederived" time="0.000" /><testcase classname="code.tests.test_audit" name="test_seed_drift_is_rejected" time="0.001" /><testcase classname="code.tests.test_audit" name="test_independent_parent_factor_audit_at_reduced_test_scale" time="0.017" /><testcase classname="code.tests.test_audit" name="test_reduced_precision_requires_an_explicit_test_label" time="0.000" /><testcase classname="code.tests.test_audit" name="test_development_float_stress_is_seeded_and_per_step" time="0.013" /><testcase classname="code.tests.test_audit" name="test_locked_split_refuses_before_sampling" time="0.001" /><testcase classname="code.tests.test_controls" name="test_candidate_factory_retains_frozen_factor_signs" time="0.000" /><testcase classname="code.tests.test_controls" name="test_dyadic_baker_is_an_invertible_symplectic_positive_control[point0-0]" time="0.000" /><testcase classname="code.tests.test_controls" name="test_dyadic_baker_is_an_invertible_symplectic_positive_control[point1-1]" time="0.000" /><testcase classname="code.tests.test_controls" name="test_folded_tent_reverses_both_coordinates_on_decreasing_branch" time="0.000" /><testcase classname="code.tests.test_controls" name="test_matched_dissipative_has_same_future_edge_and_half_area_jacobian" time="0.000" /><testcase classname="code.tests.test_controls" name="test_matched_dissipative_image_is_not_surjective" time="0.000" /><testcase classname="code.tests.test_controls" name="test_label_erasure_exhibits_two_distinct_pasts_with_one_future" time="0.000" /><testcase classname="code.tests.test_controls" name="test_single_coordinate_reversal_is_rejected_as_anti_symplectic" time="0.000" /><testcase classname="code.tests.test_controls" name="test_all_positive_sign_null_preserves_unsigned_carrier_data" time="0.002" /><testcase classname="code.tests.test_controls" name="test_dyadic_primitive_necklace_ledger_through_period_twelve" time="0.000" /><testcase classname="code.tests.test_controls" name="test_binary_necklace_api_handles_empty_and_rejects_negative_period" time="0.000" /><testcase classname="code.tests.test_cycles" name="test_candidate_periodic_point_counts_have_only_even_periods" time="0.010" /><testcase classname="code.tests.test_cycles" name="test_mobius_counts_match_frozen_vector_and_total" time="0.010" /><testcase classname="code.tests.test_cycles" name="test_direct_enumeration_is_independent_and_matches_mobius" time="0.452" /><testcase classname="code.tests.test_cycles" name="test_rotation_and_primitivity_helpers" time="0.000" /><testcase classname="code.tests.test_cycles" name="test_dyadic_positive_control_recovers_747_necklaces" time="0.116" /><testcase classname="code.tests.test_cycles" name="test_boundary_quotient_replaces_exactly_one_cycle" time="0.009" /><testcase classname="code.tests.test_cycles" name="test_multiplier_moduli_follow_even_period_clock" time="0.001" /><testcase classname="code.tests.test_cycles" name="test_cycle_input_validation" time="0.000" /><testcase classname="code.tests.test_model" name="test_frozen_graph_pf_geometry_and_area_tiling" time="0.000" /><testcase classname="code.tests.test_model" name="test_branch_derivatives_are_frozen_and_symplectic" time="0.000" /><testcase classname="code.tests.test_model" name="test_forward_inverse_on_every_branch_interior[edge0]" time="0.000" /><testcase classname="code.tests.test_model" name="test_forward_inverse_on_every_branch_interior[edge1]" time="0.000" /><testcase classname="code.tests.test_model" name="test_forward_inverse_on_every_branch_interior[edge2]" time="0.000" /><testcase classname="code.tests.test_model" name="test_forward_inverse_on_every_branch_interior[edge3]" time="0.000" /><testcase classname="code.tests.test_model" name="test_forward_formula_on_positive_and_reversing_branches" time="0.000" /><testcase classname="code.tests.test_model" name="test_half_open_forward_boundary_and_closed_relation_are_separate" time="0.000" /><testcase classname="code.tests.test_model" name="test_half_open_inverse_boundary_and_closed_relation_are_separate" time="0.000" /><testcase classname="code.tests.test_model" name="test_all_outer_rectangle_corners_have_forward_images[0.0-0.0-0]" time="0.000" /><testcase classname="code.tests.test_model" name="test_all_outer_rectangle_corners_have_forward_images[0.0-0.0-1]" time="0.001" /><testcase classname="code.tests.test_model" name="test_all_outer_rectangle_corners_have_forward_images[0.0-0.0-2]" time="0.000" /><testcase classname="code.tests.test_model" name="test_all_outer_rectangle_corners_have_forward_images[0.0-1.0-0]" time="0.000" /><testcase classname="code.tests.test_model" name="test_all_outer_rectangle_corners_have_forward_images[0.0-1.0-1]" time="0.000" /><testcase classname="code.tests.test_model" name="test_all_outer_rectangle_corners_have_forward_images[0.0-1.0-2]" time="0.000" /><testcase classname="code.tests.test_model" name="test_all_outer_rectangle_corners_have_forward_images[1.0-0.0-0]" time="0.000" /><testcase classname="code.tests.test_model" name="test_all_outer_rectangle_corners_have_forward_images[1.0-0.0-1]" time="0.000" /><testcase classname="code.tests.test_model" name="test_all_outer_rectangle_corners_have_forward_images[1.0-0.0-2]" time="0.000" /><testcase classname="code.tests.test_model" name="test_all_outer_rectangle_corners_have_forward_images[1.0-1.0-0]" time="0.000" /><testcase classname="code.tests.test_model" name="test_all_outer_rectangle_corners_have_forward_images[1.0-1.0-1]" time="0.000" /><testcase classname="code.tests.test_model" name="test_all_outer_rectangle_corners_have_forward_images[1.0-1.0-2]" time="0.000" /><testcase classname="code.tests.test_model" name="test_all_outer_rectangle_corners_have_inverse_relations[0.0-0.0-0]" time="0.000" /><testcase classname="code.tests.test_model" name="test_all_outer_rectangle_corners_have_inverse_relations[0.0-0.0-1]" time="0.000" /><testcase classname="code.tests.test_model" name="test_all_outer_rectangle_corners_have_inverse_relations[0.0-0.0-2]" time="0.000" /><testcase classname="code.tests.test_model" name="test_all_outer_rectangle_corners_have_inverse_relations[0.0-1.0-0]" time="0.000" /><testcase classname="code.tests.test_model" name="test_all_outer_rectangle_corners_have_inverse_relations[0.0-1.0-1]" time="0.000" /><testcase classname="code.tests.test_model" name="test_all_outer_rectangle_corners_have_inverse_relations[0.0-1.0-2]" time="0.000" /><testcase classname="code.tests.test_model" name="test_all_outer_rectangle_corners_have_inverse_relations[1.0-0.0-0]" time="0.000" /><testcase classname="code.tests.test_model" name="test_all_outer_rectangle_corners_have_inverse_relations[1.0-0.0-1]" time="0.000" /><testcase classname="code.tests.test_model" name="test_all_outer_rectangle_corners_have_inverse_relations[1.0-0.0-2]" time="0.000" /><testcase classname="code.tests.test_model" name="test_all_outer_rectangle_corners_have_inverse_relations[1.0-1.0-0]" time="0.000" /><testcase classname="code.tests.test_model" name="test_all_outer_rectangle_corners_have_inverse_relations[1.0-1.0-1]" time="0.000" /><testcase classname="code.tests.test_model" name="test_all_outer_rectangle_corners_have_inverse_relations[1.0-1.0-2]" time="0.000" /><testcase classname="code.tests.test_model" name="test_point_validation_and_forbidden_edges" time="0.000" /><testcase classname="code.tests.test_model" name="test_sampling_is_area_weighted_and_stays_strictly_inside_with_margin" time="0.001" /><testcase classname="code.tests.test_model" name="test_inverse_rejects_points_outside_a_dissipative_image_gap" time="0.000" /><testcase classname="code.tests.test_protocol" name="test_source_lock_hash_and_seed_rule" time="0.000" /><testcase classname="code.tests.test_protocol" name="test_source_lock_checksum_file" time="0.000" /><testcase classname="code.tests.test_protocol" name="test_validation_and_test_default_to_locked" time="0.001" /><testcase classname="code.tests.test_protocol" name="test_write_json_new_refuses_overwrite" time="0.001" /><testcase classname="code.tests.test_protocol" name="test_validation_unlock_rejects_incomplete_or_extra_artifact_sets" time="0.001" /><testcase classname="code.tests.test_protocol" name="test_validation_manifest_rejects_arbitrary_hash_keys" time="0.008" /><testcase classname="code.tests.test_protocol" name="test_validation_unlock_requires_explicit_preaccess_false" time="0.008" /><testcase classname="code.tests.test_protocol" name="test_static_isolation_scope_contains_no_forbidden_token" time="0.002" /><testcase classname="code.tests.test_zeta" name="test_unsigned_graph_determinant_and_zeta" time="0.005" /><testcase classname="code.tests.test_zeta" name="test_log_zeta_coefficients_recover_graph_traces" time="0.085" /><testcase classname="code.tests.test_zeta" name="test_factor_orientation_convention_is_nilpotent_and_separate" time="0.007" /><testcase classname="code.tests.test_zeta" name="test_single_boundary_euler_factor_gives_parent_zeta" time="0.005" /><testcase classname="code.tests.test_zeta" name="test_parent_orientation_object_is_not_lefschetz_zeta" time="0.000" /><testcase classname="code.tests.test_zeta" name="test_constant_slope_multiplier_products" time="0.106" /><testcase classname="code.tests.test_zeta" name="test_candidate_finite_rank_clock_certificate" time="0.001" /><testcase classname="code.tests.test_zeta" name="test_general_finite_rank_clock_certificate_and_validation" time="0.001" /><testcase classname="code.tests.test_zeta" name="test_complete_zeta_audit_passes" time="0.012" /></testsuite></testsuites>