<?xml version="1.0" encoding="utf-8"?><testsuites name="pytest tests"><testsuite name="pytest" errors="0" failures="0" skipped="0" tests="38" time="3.052" timestamp="2026-08-14T13:04:13.249241+08:00" hostname="autodl-container-695445a0ad-641a2d0f"><testcase classname="code.tests.test_algebra" name="test_frozen_cubic_relation_and_norm_of_uniformizer" time="0.243" /><testcase classname="code.tests.test_algebra" name="test_iterate_polynomial_is_exact_and_zero_iterate_is_identity" time="0.001" /><testcase classname="code.tests.test_algebra" name="test_iterate_rejects_noninteger_or_negative_count" time="0.000" /><testcase classname="code.tests.test_controls" name="test_all_dynamic_controls_pass_shared_engine" time="0.010" /><testcase classname="code.tests.test_controls" name="test_upstream_regression_checks_semantics_not_only_hash" time="0.002" /><testcase classname="code.tests.test_controls" name="test_controls_bundle_never_accesses_registered_candidate" time="0.008" /><testcase classname="code.tests.test_dynatomic" name="test_radical_exact_set_uses_proper_divisor_set_difference" time="0.002" /><testcase classname="code.tests.test_dynatomic" name="test_formal_period_pollution_is_not_misreported_as_exact" time="0.001" /><testcase classname="code.tests.test_dynatomic" name="test_chebyshev_period_two_has_B_minus_one" time="0.002" /><testcase classname="code.tests.test_dynatomic" name="test_power_map_positive_and_negative_targets_are_distinguished" time="0.002" /><testcase classname="code.tests.test_dynatomic" name="test_formal_dynatomic_exact_division_and_radical_are_monic" time="0.001" /><testcase classname="code.tests.test_lifecycle" name="test_registered_periods_are_fixed_without_cli_override" time="0.003" /><testcase classname="code.tests.test_lifecycle" name="test_candidate_map_is_not_touched_when_deployment_gate_fails" time="0.001" /><testcase classname="code.tests.test_lifecycle" name="test_safe_preflight_reports_zero_registered_candidate_runs" time="0.711" /><testcase classname="code.tests.test_proof_contract" name="test_parameter_pcf_and_local_contracts_pass_exactly" time="0.135" /><testcase classname="code.tests.test_proof_contract" name="test_frobenius_reduction_is_squarefree_through_frozen_diagnostic_range" time="0.003" /><testcase classname="code.tests.test_proof_contract" name="test_binary_irreducible_lists_and_n4_witness_are_exact" time="0.000" /><testcase classname="code.tests.test_proof_contract" name="test_hensel_norm_repeat_contract_preserves_open_boundary" time="0.143" /><testcase classname="code.tests.test_protocol" name="test_live_v2_source_lock_and_upstreams_match" time="0.003" /><testcase classname="code.tests.test_protocol" name="test_strict_json_rejects_duplicate_keys" time="0.000" /><testcase classname="code.tests.test_protocol" name="test_strict_json_rejects_nonfinite_numbers" time="0.000" /><testcase classname="code.tests.test_protocol" name="test_exact_official_json_rejects_finite_float" time="0.001" /><testcase classname="code.tests.test_protocol" name="test_executable_isolation_scans_entire_code_tree" time="0.127" /><testcase classname="code.tests.test_protocol" name="test_scanner_rejects_dynamic_import_and_decimal_matching_fixture" time="0.002" /><testcase classname="code.tests.test_protocol" name="test_regular_file_and_inventory_reject_symlink_components" time="0.001" /><testcase classname="code.tests.test_review_gate" name="test_canonical_authority_passes_and_stale_digest_fails" time="0.000" /><testcase classname="code.tests.test_review_gate" name="test_duplicate_or_indented_authority_fails_closed" time="0.000" /><testcase classname="code.tests.test_review_gate" name="test_tampered_round2_failure_history_fails_closed" time="0.000" /><testcase classname="code.tests.test_review_gate" name="test_tampered_round3_failure_history_fails_closed" time="0.000" /><testcase classname="code.tests.test_review_gate" name="test_missing_and_legacy_review_authorities_do_not_satisfy_v4_gate" time="0.000" /><testcase classname="code.tests.test_review_gate" name="test_live_reviewed_tree_has_a_stable_sha256_shape" time="0.010" /><testcase classname="code.tests.test_round1_repairs" name="test_scanner_blocks_round1_alias_and_path_bypasses" time="0.001" /><testcase classname="code.tests.test_round1_repairs" name="test_scanner_blocks_named_container_callable_laundering_in_closed_tree" time="0.370" /><testcase classname="code.tests.test_round1_repairs" name="test_scanner_blocks_ifexp_lambda_and_default_callable_flow_in_closed_tree" time="0.561" /><testcase classname="code.tests.test_round1_repairs" name="test_field_target_hit_and_miss_agree" time="0.149" /><testcase classname="code.tests.test_round1_repairs" name="test_lifecycle_claim_is_one_shot_and_target_halt_is_terminal" time="0.010" /><testcase classname="code.tests.test_round1_repairs" name="test_interrupted_claim_is_terminal_and_never_reusable" time="0.013" /><testcase classname="code.tests.test_round1_repairs" name="test_manifest_rejects_forged_nested_evidence" time="0.006" /></testsuite></testsuites>