<?xml version="1.0" encoding="utf-8"?><testsuites name="pytest tests"><testsuite name="pytest" errors="0" failures="0" skipped="0" tests="28" time="19.581" timestamp="2026-08-16T14:03:15.283055+08:00" hostname="autodl-container-695445a0ad-641a2d0f"><properties><property name="p13_code_tree_sha256" value="6843a3c6e3b0857c9d6b4bb95171da77a63290769ee2bed7a5367d4b3076a3f9" /></properties><testcase classname="code.tests.test_adjudicator_mutations" name="test_adjudicator_route_attack_counter_and_contract_mutations_fail_without_science" time="0.269" /><testcase classname="code.tests.test_canonical_security" name="test_strict_canonical_json_rejects_ambiguous_values" time="0.001" /><testcase classname="code.tests.test_canonical_security" name="test_static_audit_and_exact_private_fixture_schemas_close" time="0.714" /><testcase classname="code.tests.test_canonical_security" name="test_source_bindings_and_absent_runtime_are_exact" time="0.230" /><testcase classname="code.tests.test_lifecycle" name="test_science_boundary_before_after_and_single_operation_call" time="0.104" /><testcase classname="code.tests.test_lifecycle" name="test_post_claim_exception_writes_terminal_and_forbids_retry" time="0.013" /><testcase classname="code.tests.test_lifecycle" name="test_post_claim_drift_raw_pointer_and_evil_diagnostic_getter_terminalize" time="0.011" /><testcase classname="code.tests.test_lifecycle" name="test_claim_commit_fsync_failure_is_terminal_after_boundary_crossing" time="0.006" /><testcase classname="code.tests.test_lifecycle" name="test_diagnostic_and_symlink_guards_are_bounded" time="0.009" /><testcase classname="code.tests.test_manifest_junit" name="test_junit_parser_accepts_exact_expected_inventory_and_code_tree" time="0.001" /><testcase classname="code.tests.test_manifest_junit" name="test_junit_parser_rejects_empty_declared_suite_and_child_failures" time="0.005" /><testcase classname="code.tests.test_manifest_junit" name="test_manifest_preflight_parser_rejects_noncanonical_shape_and_staleness" time="0.002" /><testcase classname="code.tests.test_mutation_security" name="test_engine_ast_alias_dunder_pattern_top_level_and_scan_mutations_fail" time="0.008" /><testcase classname="code.tests.test_mutation_security" name="test_schema_open_empty_items_type_ref_and_unknown_keyword_mutations_fail" time="0.005" /><testcase classname="code.tests.test_mutation_security" name="test_runner_minimal_builtins_fork_hook_and_rejection_category_mutations_fail" time="0.001" /><testcase classname="code.tests.test_q_helpers" name="test_q_helper_endpoint_shapes_without_top_level_science" time="0.002" /><testcase classname="code.tests.test_q_helpers" name="test_q_exact_algebra_controls_are_nonhollow_and_mutation_sensitive" time="0.003" /><testcase classname="code.tests.test_q_helpers" name="test_q_scalar_tuple_wire_mutation_is_rejected" time="0.010" /><testcase classname="code.tests.test_r_helpers" name="test_r_helper_endpoint_shapes_without_top_level_science" time="0.002" /><testcase classname="code.tests.test_r_helpers" name="test_r_exact_elimination_controls_are_nonhollow_and_mutation_sensitive" time="0.006" /><testcase classname="code.tests.test_r_helpers" name="test_r_scalar_tuple_wire_mutation_is_rejected" time="0.010" /><testcase classname="code.tests.test_registered_orchestrator" name="test_registered_transaction_and_orchestration_are_science_free_and_one_shot" time="0.300" /><testcase classname="code.tests.test_runtime_isolation" name="test_fd3_closed_matrix_success_nonzero_timeout_overflow_and_injected_exception" time="4.062" /><testcase classname="code.tests.test_runtime_isolation" name="test_fd3_open_matrix_success_nonzero_timeout_overflow_and_injected_exception" time="8.131" /><testcase classname="code.tests.test_runtime_isolation" name="test_descendant_timeout_overflow_and_closed_pipe_are_group_reaped" time="3.130" /><testcase classname="code.tests.test_runtime_isolation" name="test_protocol_and_start_failures_preserve_bounded_diagnostics" time="0.017" /><testcase classname="code.tests.test_runtime_isolation" name="test_real_safe_probe_q_never_loads_science" time="0.069" /><testcase classname="code.tests.test_runtime_isolation" name="test_real_safe_probe_r_never_loads_science" time="0.076" /></testsuite></testsuites>