<?xml version="1.0" encoding="utf-8"?><testsuites name="pytest tests"><testsuite name="pytest" errors="0" failures="0" skipped="0" tests="37" time="30.975" timestamp="2026-08-13T23:10:18.819638+08:00" hostname="autodl-container-695445a0ad-641a2d0f"><testcase classname="code.tests.test_algebra" name="test_parameter_polynomial_is_monic_irreducible_cubic" time="0.023" /><testcase classname="code.tests.test_algebra" name="test_candidate_generator_satisfies_parameter_relation" time="0.176" /><testcase classname="code.tests.test_algebra" name="test_iterate_polynomial_zero_and_three_steps" time="0.001" /><testcase classname="code.tests.test_algebra" name="test_iterate_rejects_negative_count" time="0.000" /><testcase classname="code.tests.test_algebra" name="test_cubic_basis_serialization_is_ascending" time="0.038" /><testcase classname="code.tests.test_algebra" name="test_polynomial_serialization_includes_parameter_relation" time="0.022" /><testcase classname="code.tests.test_candidate" name="test_parameter_and_conjugacy_preflight_passes" time="0.104" /><testcase classname="code.tests.test_candidate" name="test_candidate_exact_audit_passes" time="6.940" /><testcase classname="code.tests.test_candidate" name="test_candidate_exact_cycle_multiplier_polynomials" time="0.000" /><testcase classname="code.tests.test_candidate" name="test_p2_exponent_boundary_remains_open" time="0.000" /><testcase classname="code.tests.test_candidate" name="test_conjugate_coordinate_pipeline_agrees" time="8.379" /><testcase classname="code.tests.test_candidate" name="test_candidate_cutoff_cannot_be_changed" time="0.001" /><testcase classname="code.tests.test_cli" name="test_full_cli_pipeline_writes_every_required_machine_artifact" time="14.498" /><testcase classname="code.tests.test_controls" name="test_all_frozen_controls_pass" time="0.185" /><testcase classname="code.tests.test_controls" name="test_fixed_control_multipliers_are_recovered" time="0.078" /><testcase classname="code.tests.test_controls" name="test_assumption_violation_control_detects_three" time="0.024" /><testcase classname="code.tests.test_controls" name="test_control_period_cutoff_is_frozen" time="0.000" /><testcase classname="code.tests.test_dynatomic" name="test_frozen_formal_degrees" time="0.000" /><testcase classname="code.tests.test_dynatomic" name="test_power_map_has_no_low_period_contamination" time="0.003" /><testcase classname="code.tests.test_dynatomic" name="test_nonintegral_control_saturates_double_period_two_collision" time="0.002" /><testcase classname="code.tests.test_dynatomic" name="test_dynatomic_rejects_nonpositive_period" time="0.000" /><testcase classname="code.tests.test_protocol" name="test_source_lock_is_valid_and_prerun_clean" time="0.038" /><testcase classname="code.tests.test_protocol" name="test_executable_tree_has_no_forbidden_external_access" time="0.036" /><testcase classname="code.tests.test_protocol" name="test_proof_dependency_audit_preserves_open_boundary" time="0.004" /><testcase classname="code.tests.test_protocol" name="test_source_lock_has_exact_frozen_periods" time="0.000" /><testcase classname="code.tests.test_protocol" name="test_json_safe_normalizes_sympy_scalars" time="0.000" /><testcase classname="code.tests.test_protocol" name="test_scanner_rejects_path_constructor_resource" time="0.001" /><testcase classname="code.tests.test_protocol" name="test_scanner_rejects_process_access" time="0.001" /><testcase classname="code.tests.test_protocol" name="test_scanner_rejects_post_hoc_tolerance_configuration" time="0.001" /><testcase classname="code.tests.test_resultant" name="test_chain_rule_and_full_iterate_derivative_agree" time="0.001" /><testcase classname="code.tests.test_resultant" name="test_power_map_cycle_polynomial_groups_point_multiplicity" time="0.005" /><testcase classname="code.tests.test_resultant" name="test_rational_roots_require_simultaneous_cubic_basis_vanishing" time="0.087" /><testcase classname="code.tests.test_resultant" name="test_exact_rational_multiplier_classifier" time="0.000" /><testcase classname="code.tests.test_resultant" name="test_formal_collision_yields_vacuous_unit_resultant" time="0.002" /><testcase classname="code.tests.test_symplectic" name="test_branchwise_exact_symplectic_identities_pass" time="0.011" /><testcase classname="code.tests.test_symplectic" name="test_global_negative_checks_are_explicit" time="0.007" /><testcase classname="code.tests.test_symplectic" name="test_bridge_cutoff_is_frozen" time="0.000" /></testsuite></testsuites>