<?xml version="1.0" encoding="utf-8"?><testsuites name="pytest tests"><testsuite name="pytest" errors="0" failures="0" skipped="0" tests="57" time="3.582" timestamp="2026-08-16T04:13:25.826943+08:00" hostname="autodl-container-695445a0ad-641a2d0f"><testcase classname="code.tests.test_exact_primitives" name="test_generalized_binomial_negative_upper_and_endpoints" time="0.007" /><testcase classname="code.tests.test_exact_primitives" name="test_boolean_is_not_an_integer_input[True-0]" time="0.001" /><testcase classname="code.tests.test_exact_primitives" name="test_boolean_is_not_an_integer_input[0-False]" time="0.000" /><testcase classname="code.tests.test_exact_primitives" name="test_boolean_is_not_an_integer_input[1-0]" time="0.000" /><testcase classname="code.tests.test_exact_primitives" name="test_boolean_is_not_an_integer_input[0-1]" time="0.001" /><testcase classname="code.tests.test_exact_primitives" name="test_track_private_binomials_are_distinct_and_exact" time="0.012" /><testcase classname="code.tests.test_exact_primitives" name="test_guarded_empty_range_without_registered_evaluation" time="0.000" /><testcase classname="code.tests.test_lifecycle" name="test_result_and_terminal_are_exclusive" time="0.009" /><testcase classname="code.tests.test_lifecycle" name="test_exclusive_json_write_rejects_second_file_creation" time="0.002" /><testcase classname="code.tests.test_manifest_security" name="test_science_capability_alias_container_and_dunder_attacks_rejected[import os as harmless\nharmless.spawnl(0, 'x')\n]" time="0.001" /><testcase classname="code.tests.test_manifest_security" name="test_science_capability_alias_container_and_dunder_attacks_rejected[reader = open\nreader('x')\n]" time="0.002" /><testcase classname="code.tests.test_manifest_security" name="test_science_capability_alias_container_and_dunder_attacks_rejected[box = [open]\nbox[0]('x')\n]" time="0.001" /><testcase classname="code.tests.test_manifest_security" name="test_science_capability_alias_container_and_dunder_attacks_rejected[__builtins__['open']('x')\n]" time="0.001" /><testcase classname="code.tests.test_manifest_security" name="test_science_capability_alias_container_and_dunder_attacks_rejected[__loader__.get_data('x')\n]" time="0.001" /><testcase classname="code.tests.test_manifest_security" name="test_science_capability_alias_container_and_dunder_attacks_rejected[import sys\nsys.modules['x']\n]" time="0.001" /><testcase classname="code.tests.test_manifest_security" name="test_science_capability_alias_container_and_dunder_attacks_rejected[__import__('os')\n]" time="0.001" /><testcase classname="code.tests.test_manifest_security" name="test_science_capability_alias_container_and_dunder_attacks_rejected[eval('1')\n]" time="0.001" /><testcase classname="code.tests.test_manifest_security" name="test_science_capability_alias_container_and_dunder_attacks_rejected[compile('1', 'x', 'exec')\n]" time="0.001" /><testcase classname="code.tests.test_manifest_security" name="test_science_capability_alias_container_and_dunder_attacks_rejected[getattr({}, 'items')()\n]" time="0.001" /><testcase classname="code.tests.test_manifest_security" name="test_science_capability_alias_container_and_dunder_attacks_rejected[from pathlib import Path\nPath('x').read_text()\nPath('x').glob('*')\n]" time="0.001" /><testcase classname="code.tests.test_manifest_security" name="test_science_capability_alias_container_and_dunder_attacks_rejected[import os\nos.open('x', 0)\nos.read(3, 1)\nos.fsync(3)\n]" time="0.001" /><testcase classname="code.tests.test_manifest_security" name="test_science_capability_alias_container_and_dunder_attacks_rejected[import os\nreader = os.open\nreader('x', 0)\n]" time="0.001" /><testcase classname="code.tests.test_manifest_security" name="test_science_capability_alias_container_and_dunder_attacks_rejected[import os\nbox = {'reader': os.open}\nbox['reader']('x', 0)\n]" time="0.001" /><testcase classname="code.tests.test_manifest_security" name="test_science_capability_alias_container_and_dunder_attacks_rejected[len = print\nlen('leak')\n]" time="0.001" /><testcase classname="code.tests.test_manifest_security" name="test_science_capability_alias_container_and_dunder_attacks_rejected[for _q_choose in [print]:\n    _q_choose('leak')\n]" time="0.001" /><testcase classname="code.tests.test_manifest_security" name="test_science_capability_alias_container_and_dunder_attacks_rejected[f = lambda: 1\nf()\n]" time="0.001" /><testcase classname="code.tests.test_manifest_security" name="test_float_and_network_findings_have_positive_categories" time="0.002" /><testcase classname="code.tests.test_manifest_security" name="test_live_static_audit_is_clean_and_body_digested" time="0.531" /><testcase classname="code.tests.test_manifest_security" name="test_junit_parser_rejects_declaration_content_mismatch" time="0.001" /><testcase classname="code.tests.test_manifest_security" name="test_junit_parser_accepts_exact_clean_content" time="0.001" /><testcase classname="code.tests.test_protocol_and_contracts" name="test_strict_json_rejects_duplicate_float_and_nonfinite" time="0.000" /><testcase classname="code.tests.test_protocol_and_contracts" name="test_exact_json_rejects_nonexact_types_and_bool_integer_confusion" time="0.000" /><testcase classname="code.tests.test_protocol_and_contracts" name="test_canonical_file_validation_rejects_pretty_equivalent" time="0.001" /><testcase classname="code.tests.test_protocol_and_contracts" name="test_bound_source_package_is_exact" time="0.005" /><testcase classname="code.tests.test_protocol_and_contracts" name="test_p1_p10_contracts_are_presence_records_not_proof_verdicts" time="0.014" /><testcase classname="code.tests.test_protocol_and_contracts" name="test_all_eight_negative_controls_reject_before_science" time="0.000" /><testcase classname="code.tests.test_quarantine_and_independence" name="test_science_reviewed_hashes_are_unchanged" time="0.000" /><testcase classname="code.tests.test_quarantine_and_independence" name="test_science_modules_have_disjoint_import_free_roots" time="0.036" /><testcase classname="code.tests.test_quarantine_and_independence" name="test_q_outside_registered_tuple_rejected_before_computation[7]" time="0.000" /><testcase classname="code.tests.test_quarantine_and_independence" name="test_q_outside_registered_tuple_rejected_before_computation[10]" time="0.000" /><testcase classname="code.tests.test_quarantine_and_independence" name="test_q_outside_registered_tuple_rejected_before_computation[True]" time="0.000" /><testcase classname="code.tests.test_quarantine_and_independence" name="test_q_outside_registered_tuple_rejected_before_computation[None]" time="0.000" /><testcase classname="code.tests.test_quarantine_and_independence" name="test_r_outside_registered_tuple_rejected_before_computation[7]" time="0.000" /><testcase classname="code.tests.test_quarantine_and_independence" name="test_r_outside_registered_tuple_rejected_before_computation[10]" time="0.000" /><testcase classname="code.tests.test_quarantine_and_independence" name="test_r_outside_registered_tuple_rejected_before_computation[True]" time="0.000" /><testcase classname="code.tests.test_quarantine_and_independence" name="test_r_outside_registered_tuple_rejected_before_computation[None]" time="0.000" /><testcase classname="code.tests.test_quarantine_and_independence" name="test_no_official_or_runtime_artifact_exists_preexecution" time="0.000" /><testcase classname="code.tests.test_quartic_routes" name="test_q_complete_quotient_route" time="0.673" /><testcase classname="code.tests.test_quartic_routes" name="test_r_complete_residue_route" time="0.002" /><testcase classname="code.tests.test_quartic_routes" name="test_step10_and_step13_are_separate_records" time="0.700" /><testcase classname="code.tests.test_quartic_routes" name="test_unilateral_quartic_mutation_breaks_private_ledger_agreement" time="0.703" /><testcase classname="code.tests.test_quartic_routes" name="test_step10_step13_and_normalization_negative_mutations_reject" time="0.702" /><testcase classname="code.tests.test_schemas_and_tokens" name="test_definitions_and_private_ledger_are_recursively_closed" time="0.001" /><testcase classname="code.tests.test_schemas_and_tokens" name="test_types_only_envelope_schema_is_nonhollow_and_recursive" time="0.006" /><testcase classname="code.tests.test_schemas_and_tokens" name="test_durable_claim_schema_matches_emitted_claim_shape" time="0.001" /><testcase classname="code.tests.test_schemas_and_tokens" name="test_track_capabilities_are_claim_and_code_hash_bound" time="0.008" /><testcase classname="code.tests.test_schemas_and_tokens" name="test_postrun_analyzer_is_separate_and_science_free" time="0.005" /></testsuite></testsuites>