<?xml version="1.0" encoding="utf-8"?><testsuites name="pytest tests"><testsuite name="pytest" errors="0" failures="0" skipped="0" tests="39" time="1.608" timestamp="2026-08-14T00:47:47.955712+08:00" hostname="autodl-container-695445a0ad-641a2d0f"><testcase classname="code.tests.test_algebra" name="test_frozen_parameter_polynomial_is_monic_irreducible_cubic" time="0.001" /><testcase classname="code.tests.test_algebra" name="test_parameter_reduction_uses_basis_one_u_u_squared" time="0.006" /><testcase classname="code.tests.test_algebra" name="test_resultant_norm_is_exact_and_monic" time="0.002" /><testcase classname="code.tests.test_controls" name="test_planted_denominator_control_finds_two_and_one_half" time="0.021" /><testcase classname="code.tests.test_controls" name="test_integral_control_has_only_unit_rational_modulus" time="0.114" /><testcase classname="code.tests.test_controls" name="test_nonunit_jacobian_requires_predeclared_bad_support" time="0.103" /><testcase classname="code.tests.test_controls" name="test_all_frozen_controls_pass" time="0.089" /><testcase classname="code.tests.test_dynamics" name="test_polynomial_inverse_and_determinant" time="0.002" /><testcase classname="code.tests.test_dynamics" name="test_cyclic_recurrence_sign_convention" time="0.001" /><testcase classname="code.tests.test_dynamics" name="test_monodromy_order_and_trace_are_cyclically_invariant" time="0.007" /><testcase classname="code.tests.test_modulus" name="test_trace_intervals_certify_one_elliptic_and_four_hyperbolic_cycles" time="0.001" /><testcase classname="code.tests.test_modulus" name="test_real_hyperbolic_modulus_relation_is_reciprocal" time="0.001" /><testcase classname="code.tests.test_modulus" name="test_nonreal_trace_modulus_polynomial_is_exact" time="0.001" /><testcase classname="code.tests.test_modulus" name="test_generic_hyperbolic_pipeline_performs_exact_rational_square_test" time="0.005" /><testcase classname="code.tests.test_modulus" name="test_candidate_exact_rational_modulus_set_is_only_one" time="0.197" /><testcase classname="code.tests.test_periods" name="test_closed_trace_polynomials_match_frozen_formulas" time="0.018" /><testcase classname="code.tests.test_periods" name="test_exact_period_branch_decompositions_pass_at_integral_control" time="0.042" /><testcase classname="code.tests.test_periods" name="test_candidate_multiplier_polynomials_are_reciprocal_units" time="0.078" /><testcase classname="code.tests.test_periods" name="test_candidate_period_records_have_no_rational_multiplier_roots" time="0.330" /><testcase classname="code.tests.test_protocol_preflight_scope" name="test_immutable_source_lock_and_clean_prelock_state" time="0.001" /><testcase classname="code.tests.test_protocol_preflight_scope" name="test_executable_has_no_target_or_network_dependency" time="0.091" /><testcase classname="code.tests.test_protocol_preflight_scope" name="test_isolation_scanner_detects_seeded_forbidden_paths_arrays_and_calls" time="0.004" /><testcase classname="code.tests.test_protocol_preflight_scope" name="test_isolation_scanner_detects_aliased_path_and_custom_tolerance" time="0.001" /><testcase classname="code.tests.test_protocol_preflight_scope" name="test_manifest_collector_hashes_explicit_set_and_fails_closed" time="0.001" /><testcase classname="code.tests.test_protocol_preflight_scope" name="test_official_report_linkage_rejects_placeholders_and_validates_hashes" time="0.004" /><testcase classname="code.tests.test_protocol_preflight_scope" name="test_official_report_metadata_rejects_contradiction_duplicate_and_unknown_state" time="0.007" /><testcase classname="code.tests.test_protocol_preflight_scope" name="test_official_report_rejects_indented_quote_and_list_legacy_fields[  **Official full-run status:** `FAIL`]" time="0.003" /><testcase classname="code.tests.test_protocol_preflight_scope" name="test_official_report_rejects_indented_quote_and_list_legacy_fields[\t**Candidate executed:** `false`]" time="0.003" /><testcase classname="code.tests.test_protocol_preflight_scope" name="test_official_report_rejects_indented_quote_and_list_legacy_fields[&gt; **Must-run failed:** `7`]" time="0.002" /><testcase classname="code.tests.test_protocol_preflight_scope" name="test_official_report_rejects_indented_quote_and_list_legacy_fields[&gt;\t- **Pytest status:** `FAIL`]" time="0.002" /><testcase classname="code.tests.test_protocol_preflight_scope" name="test_official_report_rejects_indented_quote_and_list_legacy_fields[- **Run-summary SHA-256:** `stale`]" time="0.002" /><testcase classname="code.tests.test_protocol_preflight_scope" name="test_official_report_rejects_indented_quote_and_list_legacy_fields[1. **Candidate-audit SHA-256:** `stale`]" time="0.002" /><testcase classname="code.tests.test_protocol_preflight_scope" name="test_official_report_rejects_indented_quote_and_list_legacy_fields[+ **Pytest XML SHA-256:** `stale`]" time="0.002" /><testcase classname="code.tests.test_protocol_preflight_scope" name="test_official_report_does_not_flag_ordinary_narrative_field_mention" time="0.002" /><testcase classname="code.tests.test_protocol_preflight_scope" name="test_front_matter_requires_one_block_and_unique_json_keys" time="0.001" /><testcase classname="code.tests.test_protocol_preflight_scope" name="test_proof_parameter_and_symplectic_preflights_pass" time="0.006" /><testcase classname="code.tests.test_protocol_preflight_scope" name="test_proof_prose_equivalent_rewrite_is_advisory_not_blocking" time="0.002" /><testcase classname="code.tests.test_protocol_preflight_scope" name="test_proof_duplicate_stable_id_remains_blocking" time="0.002" /><testcase classname="code.tests.test_protocol_preflight_scope" name="test_scope_guards_reject_overclaims" time="0.028" /></testsuite></testsuites>